Copyright 1986-2022 Xilinx, Inc. All Rights Reserved.
------------------------------------------------------------------------------------------------------------------------------------------------------------------------------------------------------------------------
| Tool Version : Vivado v.2022.1 (win64) Build 3526262 Mon Apr 18 15:48:16 MDT 2022
| Date         : Mon Apr 27 17:04:41 2026
| Host         : Quyendz running 64-bit major release  (build 9200)
| Command      : report_timing_summary -max_paths 10 -report_unconstrained -file SW_CT_LED_timing_summary_routed.rpt -pb SW_CT_LED_timing_summary_routed.pb -rpx SW_CT_LED_timing_summary_routed.rpx -warn_on_violation
| Design       : SW_CT_LED
| Device       : 7a100t-csg324
| Speed File   : -1  PRODUCTION 1.23 2018-06-13
------------------------------------------------------------------------------------------------------------------------------------------------------------------------------------------------------------------------

Timing Summary Report

------------------------------------------------------------------------------------------------
| Timer Settings
| --------------
------------------------------------------------------------------------------------------------

  Enable Multi Corner Analysis               :  Yes
  Enable Pessimism Removal                   :  Yes
  Pessimism Removal Resolution               :  Nearest Common Node
  Enable Input Delay Default Clock           :  No
  Enable Preset / Clear Arcs                 :  No
  Disable Flight Delays                      :  No
  Ignore I/O Paths                           :  No
  Timing Early Launch at Borrowing Latches   :  No
  Borrow Time for Max Delay Exceptions       :  Yes
  Merge Timing Exceptions                    :  Yes

  Corner  Analyze    Analyze    
  Name    Max Paths  Min Paths  
  ------  ---------  ---------  
  Slow    Yes        Yes        
  Fast    Yes        Yes        


------------------------------------------------------------------------------------------------
| Report Methodology
| ------------------
------------------------------------------------------------------------------------------------

Rule  Severity  Description  Violations  
----  --------  -----------  ----------  

Note: This report is based on the most recent report_methodology run and may not be up-to-date. Run report_methodology on the current design for the latest report.



check_timing report

Table of Contents
-----------------
1. checking no_clock (0)
2. checking constant_clock (0)
3. checking pulse_width_clock (0)
4. checking unconstrained_internal_endpoints (0)
5. checking no_input_delay (0)
6. checking no_output_delay (0)
7. checking multiple_clock (0)
8. checking generated_clocks (0)
9. checking loops (0)
10. checking partial_input_delay (0)
11. checking partial_output_delay (0)
12. checking latch_loops (0)

1. checking no_clock (0)
------------------------
 There are 0 register/latch pins with no clock.


2. checking constant_clock (0)
------------------------------
 There are 0 register/latch pins with constant_clock.


3. checking pulse_width_clock (0)
---------------------------------
 There are 0 register/latch pins which need pulse_width check


4. checking unconstrained_internal_endpoints (0)
------------------------------------------------
 There are 0 pins that are not constrained for maximum delay.

 There are 0 pins that are not constrained for maximum delay due to constant clock.


5. checking no_input_delay (0)
------------------------------
 There are 0 input ports with no input delay specified.

 There are 0 input ports with no input delay but user has a false path constraint.


6. checking no_output_delay (0)
-------------------------------
 There are 0 ports with no output delay specified.

 There are 0 ports with no output delay but user has a false path constraint

 There are 0 ports with no output delay but with a timing clock defined on it or propagating through it


7. checking multiple_clock (0)
------------------------------
 There are 0 register/latch pins with multiple clocks.


8. checking generated_clocks (0)
--------------------------------
 There are 0 generated clocks that are not connected to a clock source.


9. checking loops (0)
---------------------
 There are 0 combinational loops in the design.


10. checking partial_input_delay (0)
------------------------------------
 There are 0 input ports with partial input delay specified.


11. checking partial_output_delay (0)
-------------------------------------
 There are 0 ports with partial output delay specified.


12. checking latch_loops (0)
----------------------------
 There are 0 combinational latch loops in the design through latch input



------------------------------------------------------------------------------------------------
| Design Timing Summary
| ---------------------
------------------------------------------------------------------------------------------------

    WNS(ns)      TNS(ns)  TNS Failing Endpoints  TNS Total Endpoints      WHS(ns)      THS(ns)  THS Failing Endpoints  THS Total Endpoints     WPWS(ns)     TPWS(ns)  TPWS Failing Endpoints  TPWS Total Endpoints  
    -------      -------  ---------------------  -------------------      -------      -------  ---------------------  -------------------     --------     --------  ----------------------  --------------------  
        inf        0.000                      0                    4          inf        0.000                      0                    4           NA           NA                      NA                    NA  


There are no user specified timing constraints.


------------------------------------------------------------------------------------------------
| Clock Summary
| -------------
------------------------------------------------------------------------------------------------


------------------------------------------------------------------------------------------------
| Intra Clock Table
| -----------------
------------------------------------------------------------------------------------------------

Clock             WNS(ns)      TNS(ns)  TNS Failing Endpoints  TNS Total Endpoints      WHS(ns)      THS(ns)  THS Failing Endpoints  THS Total Endpoints     WPWS(ns)     TPWS(ns)  TPWS Failing Endpoints  TPWS Total Endpoints  
-----             -------      -------  ---------------------  -------------------      -------      -------  ---------------------  -------------------     --------     --------  ----------------------  --------------------  


------------------------------------------------------------------------------------------------
| Inter Clock Table
| -----------------
------------------------------------------------------------------------------------------------

From Clock    To Clock          WNS(ns)      TNS(ns)  TNS Failing Endpoints  TNS Total Endpoints      WHS(ns)      THS(ns)  THS Failing Endpoints  THS Total Endpoints  
----------    --------          -------      -------  ---------------------  -------------------      -------      -------  ---------------------  -------------------  


------------------------------------------------------------------------------------------------
| Other Path Groups Table
| -----------------------
------------------------------------------------------------------------------------------------

Path Group    From Clock    To Clock          WNS(ns)      TNS(ns)  TNS Failing Endpoints  TNS Total Endpoints      WHS(ns)      THS(ns)  THS Failing Endpoints  THS Total Endpoints  
----------    ----------    --------          -------      -------  ---------------------  -------------------      -------      -------  ---------------------  -------------------  


------------------------------------------------------------------------------------------------
| User Ignored Path Table
| -----------------------
------------------------------------------------------------------------------------------------

Path Group    From Clock    To Clock    
----------    ----------    --------    


------------------------------------------------------------------------------------------------
| Unconstrained Path Table
| ------------------------
------------------------------------------------------------------------------------------------

Path Group    From Clock    To Clock    
----------    ----------    --------    
(none)                                    


------------------------------------------------------------------------------------------------
| Timing Details
| --------------
------------------------------------------------------------------------------------------------


--------------------------------------------------------------------------------------
Path Group:  (none)
From Clock:  
  To Clock:  

Max Delay             4 Endpoints
Min Delay             4 Endpoints
--------------------------------------------------------------------------------------


Max Delay Paths
--------------------------------------------------------------------------------------
Slack:                    inf
  Source:                 sw[3]
                            (input port)
  Destination:            led[3]
                            (output port)
  Path Group:             (none)
  Path Type:              Max at Slow Process Corner
  Data Path Delay:        13.207ns  (logic 5.232ns (39.616%)  route 7.975ns (60.384%))
  Logic Levels:           3  (IBUF=1 LUT1=1 OBUF=1)

    Location             Delay type                Incr(ns)  Path(ns)    Netlist Resource(s)
  -------------------------------------------------------------------    -------------------
    A10                                               0.000     0.000 f  sw[3] (IN)
                         net (fo=0)                   0.000     0.000    sw[3]
    A10                  IBUF (Prop_ibuf_I_O)         1.531     1.531 f  sw_IBUF[3]_inst/O
                         net (fo=2, routed)           1.250     2.781    sw_IBUF[3]
    SLICE_X0Y167         LUT1 (Prop_lut1_I0_O)        0.124     2.905 r  led_OBUF[3]_inst_i_1/O
                         net (fo=1, routed)           6.725     9.630    led_OBUF[3]
    T10                  OBUF (Prop_obuf_I_O)         3.577    13.207 r  led_OBUF[3]_inst/O
                         net (fo=0)                   0.000    13.207    led[3]
    T10                                                               r  led[3] (OUT)
  -------------------------------------------------------------------    -------------------

Slack:                    inf
  Source:                 sw[0]
                            (input port)
  Destination:            led[0]
                            (output port)
  Path Group:             (none)
  Path Type:              Max at Slow Process Corner
  Data Path Delay:        12.852ns  (logic 5.423ns (42.196%)  route 7.429ns (57.804%))
  Logic Levels:           3  (IBUF=1 LUT2=1 OBUF=1)

    Location             Delay type                Incr(ns)  Path(ns)    Netlist Resource(s)
  -------------------------------------------------------------------    -------------------
    A8                                                0.000     0.000 r  sw[0] (IN)
                         net (fo=0)                   0.000     0.000    sw[0]
    A8                   IBUF (Prop_ibuf_I_O)         1.542     1.542 r  sw_IBUF[0]_inst/O
                         net (fo=2, routed)           1.448     2.989    sw_IBUF[0]
    SLICE_X0Y167         LUT2 (Prop_lut2_I0_O)        0.150     3.139 r  led_OBUF[0]_inst_i_1/O
                         net (fo=1, routed)           5.981     9.121    led_OBUF[0]
    H5                   OBUF (Prop_obuf_I_O)         3.732    12.852 r  led_OBUF[0]_inst/O
                         net (fo=0)                   0.000    12.852    led[0]
    H5                                                                r  led[0] (OUT)
  -------------------------------------------------------------------    -------------------

Slack:                    inf
  Source:                 sw[0]
                            (input port)
  Destination:            led[1]
                            (output port)
  Path Group:             (none)
  Path Type:              Max at Slow Process Corner
  Data Path Delay:        12.721ns  (logic 5.176ns (40.690%)  route 7.545ns (59.310%))
  Logic Levels:           3  (IBUF=1 LUT2=1 OBUF=1)

    Location             Delay type                Incr(ns)  Path(ns)    Netlist Resource(s)
  -------------------------------------------------------------------    -------------------
    A8                                                0.000     0.000 r  sw[0] (IN)
                         net (fo=0)                   0.000     0.000    sw[0]
    A8                   IBUF (Prop_ibuf_I_O)         1.542     1.542 r  sw_IBUF[0]_inst/O
                         net (fo=2, routed)           1.448     2.989    sw_IBUF[0]
    SLICE_X0Y167         LUT2 (Prop_lut2_I0_O)        0.124     3.113 r  led_OBUF[1]_inst_i_1/O
                         net (fo=1, routed)           6.097     9.210    led_OBUF[1]
    J5                   OBUF (Prop_obuf_I_O)         3.511    12.721 r  led_OBUF[1]_inst/O
                         net (fo=0)                   0.000    12.721    led[1]
    J5                                                                r  led[1] (OUT)
  -------------------------------------------------------------------    -------------------

Slack:                    inf
  Source:                 sw[3]
                            (input port)
  Destination:            led[2]
                            (output port)
  Path Group:             (none)
  Path Type:              Max at Slow Process Corner
  Data Path Delay:        12.108ns  (logic 5.465ns (45.138%)  route 6.643ns (54.862%))
  Logic Levels:           3  (IBUF=1 LUT2=1 OBUF=1)

    Location             Delay type                Incr(ns)  Path(ns)    Netlist Resource(s)
  -------------------------------------------------------------------    -------------------
    A10                                               0.000     0.000 r  sw[3] (IN)
                         net (fo=0)                   0.000     0.000    sw[3]
    A10                  IBUF (Prop_ibuf_I_O)         1.531     1.531 r  sw_IBUF[3]_inst/O
                         net (fo=2, routed)           1.250     2.781    sw_IBUF[3]
    SLICE_X0Y167         LUT2 (Prop_lut2_I0_O)        0.152     2.933 r  led_OBUF[2]_inst_i_1/O
                         net (fo=1, routed)           5.393     8.326    led_OBUF[2]
    T9                   OBUF (Prop_obuf_I_O)         3.782    12.108 r  led_OBUF[2]_inst/O
                         net (fo=0)                   0.000    12.108    led[2]
    T9                                                                r  led[2] (OUT)
  -------------------------------------------------------------------    -------------------





Min Delay Paths
--------------------------------------------------------------------------------------
Slack:                    inf
  Source:                 sw[2]
                            (input port)
  Destination:            led[2]
                            (output port)
  Path Group:             (none)
  Path Type:              Min at Fast Process Corner
  Data Path Delay:        3.938ns  (logic 1.670ns (42.411%)  route 2.268ns (57.589%))
  Logic Levels:           3  (IBUF=1 LUT2=1 OBUF=1)

    Location             Delay type                Incr(ns)  Path(ns)    Netlist Resource(s)
  -------------------------------------------------------------------    -------------------
    C10                                               0.000     0.000 r  sw[2] (IN)
                         net (fo=0)                   0.000     0.000    sw[2]
    C10                  IBUF (Prop_ibuf_I_O)         0.279     0.279 r  sw_IBUF[2]_inst/O
                         net (fo=1, routed)           0.421     0.701    sw_IBUF[2]
    SLICE_X0Y167         LUT2 (Prop_lut2_I1_O)        0.049     0.750 r  led_OBUF[2]_inst_i_1/O
                         net (fo=1, routed)           1.847     2.596    led_OBUF[2]
    T9                   OBUF (Prop_obuf_I_O)         1.342     3.938 r  led_OBUF[2]_inst/O
                         net (fo=0)                   0.000     3.938    led[2]
    T9                                                                r  led[2] (OUT)
  -------------------------------------------------------------------    -------------------

Slack:                    inf
  Source:                 sw[1]
                            (input port)
  Destination:            led[1]
                            (output port)
  Path Group:             (none)
  Path Type:              Min at Fast Process Corner
  Data Path Delay:        4.439ns  (logic 1.534ns (34.546%)  route 2.906ns (65.454%))
  Logic Levels:           3  (IBUF=1 LUT2=1 OBUF=1)

    Location             Delay type                Incr(ns)  Path(ns)    Netlist Resource(s)
  -------------------------------------------------------------------    -------------------
    C11                                               0.000     0.000 r  sw[1] (IN)
                         net (fo=0)                   0.000     0.000    sw[1]
    C11                  IBUF (Prop_ibuf_I_O)         0.277     0.277 r  sw_IBUF[1]_inst/O
                         net (fo=2, routed)           0.508     0.785    sw_IBUF[1]
    SLICE_X0Y167         LUT2 (Prop_lut2_I1_O)        0.045     0.830 r  led_OBUF[1]_inst_i_1/O
                         net (fo=1, routed)           2.398     3.227    led_OBUF[1]
    J5                   OBUF (Prop_obuf_I_O)         1.212     4.439 r  led_OBUF[1]_inst/O
                         net (fo=0)                   0.000     4.439    led[1]
    J5                                                                r  led[1] (OUT)
  -------------------------------------------------------------------    -------------------

Slack:                    inf
  Source:                 sw[1]
                            (input port)
  Destination:            led[0]
                            (output port)
  Path Group:             (none)
  Path Type:              Min at Fast Process Corner
  Data Path Delay:        4.500ns  (logic 1.615ns (35.895%)  route 2.885ns (64.105%))
  Logic Levels:           3  (IBUF=1 LUT2=1 OBUF=1)

    Location             Delay type                Incr(ns)  Path(ns)    Netlist Resource(s)
  -------------------------------------------------------------------    -------------------
    C11                                               0.000     0.000 r  sw[1] (IN)
                         net (fo=0)                   0.000     0.000    sw[1]
    C11                  IBUF (Prop_ibuf_I_O)         0.277     0.277 r  sw_IBUF[1]_inst/O
                         net (fo=2, routed)           0.508     0.785    sw_IBUF[1]
    SLICE_X0Y167         LUT2 (Prop_lut2_I1_O)        0.046     0.831 r  led_OBUF[0]_inst_i_1/O
                         net (fo=1, routed)           2.377     3.208    led_OBUF[0]
    H5                   OBUF (Prop_obuf_I_O)         1.293     4.500 r  led_OBUF[0]_inst/O
                         net (fo=0)                   0.000     4.500    led[0]
    H5                                                                r  led[0] (OUT)
  -------------------------------------------------------------------    -------------------

Slack:                    inf
  Source:                 sw[3]
                            (input port)
  Destination:            led[3]
                            (output port)
  Path Group:             (none)
  Path Type:              Min at Fast Process Corner
  Data Path Delay:        4.796ns  (logic 1.621ns (33.791%)  route 3.176ns (66.209%))
  Logic Levels:           3  (IBUF=1 LUT1=1 OBUF=1)

    Location             Delay type                Incr(ns)  Path(ns)    Netlist Resource(s)
  -------------------------------------------------------------------    -------------------
    A10                                               0.000     0.000 f  sw[3] (IN)
                         net (fo=0)                   0.000     0.000    sw[3]
    A10                  IBUF (Prop_ibuf_I_O)         0.298     0.298 f  sw_IBUF[3]_inst/O
                         net (fo=2, routed)           0.472     0.770    sw_IBUF[3]
    SLICE_X0Y167         LUT1 (Prop_lut1_I0_O)        0.045     0.815 r  led_OBUF[3]_inst_i_1/O
                         net (fo=1, routed)           2.704     3.519    led_OBUF[3]
    T10                  OBUF (Prop_obuf_I_O)         1.277     4.796 r  led_OBUF[3]_inst/O
                         net (fo=0)                   0.000     4.796    led[3]
    T10                                                               r  led[3] (OUT)
  -------------------------------------------------------------------    -------------------





